xyz-reader-app/XYZReader/build/intermediates/manifest_merge_blame_file/debug/manifest-merger-blame-debug-report.txt
1<?xml version="1.0" encoding="utf-8"?>
2<manifest xmlns:android="http://schemas.android.com/apk/res/android"
3    package="com.example.xyzreader"
4    android:versionCode="1"
5    android:versionName="1.0" >
6
7    <uses-sdk
8        android:minSdkVersion="19"
8-->src\main\AndroidManifest.xml
9        android:targetSdkVersion="25" />
9-->src\main\AndroidManifest.xml
10
11    <uses-permission android:name="android.permission.INTERNET" />
11-->src\main\AndroidManifest.xml:6:5-67
11-->src\main\AndroidManifest.xml:6:22-64
12    <uses-permission android:name="android.permission.WRITE_EXTERNAL_STORAGE" />
12-->src\main\AndroidManifest.xml:7:5-81
12-->src\main\AndroidManifest.xml:7:22-78
13    <uses-permission android:name="android.permission.BROADCAST_STICKY" />
13-->src\main\AndroidManifest.xml:8:5-75
13-->src\main\AndroidManifest.xml:8:22-72
14    <uses-permission android:name="android.permission.ACCESS_NETWORK_STATE" />
14-->src\main\AndroidManifest.xml:9:5-79
14-->src\main\AndroidManifest.xml:9:22-76
15
16    <meta-data
16-->[com.android.support:support-v13:25.3.0] AndroidManifest.xml:25:5-27:34
17        android:name="android.support.VERSION"
17-->[com.android.support:support-v13:25.3.0] AndroidManifest.xml:26:9-47
18        android:value="25.3.0" />
18-->[com.android.support:support-v13:25.3.0] AndroidManifest.xml:27:9-31
19
20    <application
20-->src\main\AndroidManifest.xml:11:5-46:19
21        android:allowBackup="true"
21-->src\main\AndroidManifest.xml:12:9-35
22        android:debuggable="true"
23        android:icon="@mipmap/ic_launcher"
23-->src\main\AndroidManifest.xml:13:9-43
24        android:label="@string/app_name"
24-->src\main\AndroidManifest.xml:14:9-41
25        android:testOnly="true"
26        android:theme="@style/Theme.Bacon" >
26-->src\main\AndroidManifest.xml:15:9-43
27        <activity
27-->src\main\AndroidManifest.xml:17:9-24:20
28            android:name="com.example.xyzreader.ui.ArticleListActivity"
28-->src\main\AndroidManifest.xml:18:13-51
29            android:label="@string/app_name" >
29-->src\main\AndroidManifest.xml:19:13-45
30            <intent-filter>
30-->src\main\AndroidManifest.xml:20:13-23:29
31                <action android:name="android.intent.action.MAIN" />
31-->src\main\AndroidManifest.xml:21:17-69
31-->src\main\AndroidManifest.xml:21:25-66
32
33                <category android:name="android.intent.category.LAUNCHER" />
33-->src\main\AndroidManifest.xml:22:17-77
33-->src\main\AndroidManifest.xml:22:27-74
34            </intent-filter>
35        </activity>
36        <activity
36-->src\main\AndroidManifest.xml:26:9-37:20
37            android:name="com.example.xyzreader.ui.ArticleDetailActivity"
37-->src\main\AndroidManifest.xml:27:13-53
38            android:parentActivityName="com.example.xyzreader.ui.ArticleListActivity" >
38-->src\main\AndroidManifest.xml:28:13-65
39            <intent-filter>
39-->src\main\AndroidManifest.xml:29:13-33:29
40                <action android:name="android.intent.action.VIEW" />
40-->src\main\AndroidManifest.xml:30:17-69
40-->src\main\AndroidManifest.xml:30:25-66
41
42                <category android:name="android.intent.category.DEFAULT" />
42-->src\main\AndroidManifest.xml:31:17-76
42-->src\main\AndroidManifest.xml:31:27-73
43
44                <data android:mimeType="vnd.android.cursor.item/vnd.com.example.xyzreader.items" />
44-->src\main\AndroidManifest.xml:32:17-100
44-->src\main\AndroidManifest.xml:32:23-97
45            </intent-filter>
46
47            <meta-data
47-->src\main\AndroidManifest.xml:34:13-36:59
48                android:name="android.support.PARENT_ACTIVITY"
48-->src\main\AndroidManifest.xml:35:17-63
49                android:value=".ui.ArticleListActivity" />
49-->src\main\AndroidManifest.xml:36:17-56
50        </activity>
51
52        <service
52-->src\main\AndroidManifest.xml:39:9-40:40
53            android:name="com.example.xyzreader.data.UpdaterService"
53-->src\main\AndroidManifest.xml:39:18-53
54            android:exported="false" />
54-->src\main\AndroidManifest.xml:40:13-37
55
56        <provider
56-->src\main\AndroidManifest.xml:42:9-44:40
57            android:name="com.example.xyzreader.data.ItemsProvider"
57-->src\main\AndroidManifest.xml:42:19-53
58            android:authorities="com.example.xyzreader"
58-->src\main\AndroidManifest.xml:43:13-56
59            android:exported="false" />
59-->src\main\AndroidManifest.xml:44:13-37
60    </application>
61
62</manifest>